<?xml version="1.0" encoding="UTF-8"?>
<!-- Generated by org.testng.reporters.JUnitReportReporter -->
<testsuite hostname="airbears2-10-142-37-140.airbears2.1918.berkeley.edu" name="storm.starter.bolt.RollingCountBoltTest" tests="4" failures="0" timestamp="1 Feb 2014 21:56:51 GMT" time="0.045" errors="0">
  <testcase name="shouldSetTickTupleFrequencyInComponentConfigurationToNonZeroValue" time="0.000" classname="storm.starter.bolt.RollingCountBoltTest"/>
  <testcase name="shouldDeclareOutputFields" time="0.002" classname="storm.starter.bolt.RollingCountBoltTest"/>
  <testcase name="shouldEmitNothingIfNoObjectHasBeenCountedYetAndTickTupleIsReceived" time="0.041" classname="storm.starter.bolt.RollingCountBoltTest"/>
  <testcase name="shouldEmitSomethingIfAtLeastOneObjectWasCountedAndTickTupleIsReceived" time="0.002" classname="storm.starter.bolt.RollingCountBoltTest"/>
</testsuite> <!-- storm.starter.bolt.RollingCountBoltTest -->
